<?xml version="1.0" encoding="UTF-8"?>
<testsuite name="com.example.springboot.domain.posts.PostsRepositoryTest" tests="2" skipped="0" failures="0" errors="0" timestamp="2023-01-07T09:33:04" hostname="yuhyeonseung-ui-MacBookAir.local" time="0.018">
  <properties/>
  <testcase name="BasedTimeEntity_등록()" classname="com.example.springboot.domain.posts.PostsRepositoryTest" time="0.012"/>
  <testcase name="게시글저장_불러오기()" classname="com.example.springboot.domain.posts.PostsRepositoryTest" time="0.005"/>
  <system-out><![CDATA[2023-01-07 18:33:04.213  INFO 36306 --- [    Test worker] .b.t.c.SpringBootTestContextBootstrapper : Neither @ContextConfiguration nor @ContextHierarchy found for test class [com.example.springboot.domain.posts.PostsRepositoryTest], using SpringBootContextLoader
2023-01-07 18:33:04.214  INFO 36306 --- [    Test worker] o.s.t.c.support.AbstractContextLoader    : Could not detect default resource locations for test class [com.example.springboot.domain.posts.PostsRepositoryTest]: no resource found for suffixes {-context.xml, Context.groovy}.
2023-01-07 18:33:04.214  INFO 36306 --- [    Test worker] t.c.s.AnnotationConfigContextLoaderUtils : Could not detect default configuration classes for test class [com.example.springboot.domain.posts.PostsRepositoryTest]: PostsRepositoryTest does not declare any static, non-private, non-final, nested classes annotated with @Configuration.
2023-01-07 18:33:04.217  INFO 36306 --- [    Test worker] .b.t.c.SpringBootTestContextBootstrapper : Found @SpringBootConfiguration com.example.springboot.Application for test class com.example.springboot.domain.posts.PostsRepositoryTest
2023-01-07 18:33:04.218  INFO 36306 --- [    Test worker] .b.t.c.SpringBootTestContextBootstrapper : Loaded default TestExecutionListener class names from location [META-INF/spring.factories]: [org.springframework.security.test.context.support.WithSecurityContextTestExecutionListener, org.springframework.security.test.context.support.ReactorContextTestExecutionListener, org.springframework.boot.test.autoconfigure.restdocs.RestDocsTestExecutionListener, org.springframework.boot.test.autoconfigure.web.client.MockRestServiceServerResetTestExecutionListener, org.springframework.boot.test.autoconfigure.web.servlet.MockMvcPrintOnlyOnFailureTestExecutionListener, org.springframework.boot.test.autoconfigure.web.servlet.WebDriverTestExecutionListener, org.springframework.boot.test.mock.mockito.MockitoTestExecutionListener, org.springframework.boot.test.mock.mockito.ResetMocksTestExecutionListener, org.springframework.test.context.web.ServletTestExecutionListener, org.springframework.test.context.support.DirtiesContextBeforeModesTestExecutionListener, org.springframework.test.context.support.DependencyInjectionTestExecutionListener, org.springframework.test.context.support.DirtiesContextTestExecutionListener, org.springframework.test.context.transaction.TransactionalTestExecutionListener, org.springframework.test.context.jdbc.SqlScriptsTestExecutionListener]
2023-01-07 18:33:04.218  INFO 36306 --- [    Test worker] .b.t.c.SpringBootTestContextBootstrapper : Using TestExecutionListeners: [org.springframework.test.context.web.ServletTestExecutionListener@5e6fd0e6, org.springframework.test.context.support.DirtiesContextBeforeModesTestExecutionListener@eea40b1, org.springframework.boot.test.mock.mockito.MockitoTestExecutionListener@39f11ee7, org.springframework.boot.test.autoconfigure.SpringBootDependencyInjectionTestExecutionListener@1de42b2b, org.springframework.test.context.support.DirtiesContextTestExecutionListener@3dac2091, org.springframework.test.context.transaction.TransactionalTestExecutionListener@619f105d, org.springframework.test.context.jdbc.SqlScriptsTestExecutionListener@50283caf, org.springframework.security.test.context.support.WithSecurityContextTestExecutionListener@6ca9e8f2, org.springframework.security.test.context.support.ReactorContextTestExecutionListener@30ddf55e, org.springframework.boot.test.autoconfigure.restdocs.RestDocsTestExecutionListener@295916e0, org.springframework.boot.test.autoconfigure.web.client.MockRestServiceServerResetTestExecutionListener@38058a20, org.springframework.boot.test.autoconfigure.web.servlet.MockMvcPrintOnlyOnFailureTestExecutionListener@1b481baa, org.springframework.boot.test.autoconfigure.web.servlet.WebDriverTestExecutionListener@44e07a98, org.springframework.boot.test.mock.mockito.ResetMocksTestExecutionListener@256f8af2]

  .   ____          _            __ _ _
 /\\ / ___'_ __ _ _(_)_ __  __ _ \ \ \ \
( ( )\___ | '_ | '_| | '_ \/ _` | \ \ \ \
 \\/  ___)| |_)| | | | | || (_| |  ) ) ) )
  '  |____| .__|_| |_|_| |_\__, | / / / /
 =========|_|==============|___/=/_/_/_/
 :: Spring Boot ::        (v2.1.9.RELEASE)

2023-01-07 18:33:04.229  INFO 36306 --- [    Test worker] c.e.s.domain.posts.PostsRepositoryTest   : Starting PostsRepositoryTest on yuhyeonseung-ui-MacBookAir.local with PID 36306 (started by yuhyeonseung in /Users/yuhyeonseung/Desktop/web-service)
2023-01-07 18:33:04.229  INFO 36306 --- [    Test worker] c.e.s.domain.posts.PostsRepositoryTest   : No active profile set, falling back to default profiles: default
2023-01-07 18:33:04.307  INFO 36306 --- [    Test worker] .s.d.r.c.RepositoryConfigurationDelegate : Bootstrapping Spring Data repositories in DEFAULT mode.
2023-01-07 18:33:04.314  INFO 36306 --- [    Test worker] .s.d.r.c.RepositoryConfigurationDelegate : Finished Spring Data repository scanning in 7ms. Found 2 repository interfaces.
2023-01-07 18:33:04.357  INFO 36306 --- [    Test worker] trationDelegate$BeanPostProcessorChecker : Bean 'org.springframework.transaction.annotation.ProxyTransactionManagementConfiguration' of type [org.springframework.transaction.annotation.ProxyTransactionManagementConfiguration$$EnhancerBySpringCGLIB$$3bc989ac] is not eligible for getting processed by all BeanPostProcessors (for example: not eligible for auto-proxying)
2023-01-07 18:33:04.393  INFO 36306 --- [    Test worker] com.zaxxer.hikari.HikariDataSource       : HikariPool-2 - Starting...
2023-01-07 18:33:04.394  INFO 36306 --- [    Test worker] com.zaxxer.hikari.HikariDataSource       : HikariPool-2 - Start completed.
2023-01-07 18:33:04.405  INFO 36306 --- [    Test worker] o.hibernate.jpa.internal.util.LogHelper  : HHH000204: Processing PersistenceUnitInfo [
	name: default
	...]
2023-01-07 18:33:04.409  INFO 36306 --- [    Test worker] org.hibernate.dialect.Dialect            : HHH000400: Using dialect: org.hibernate.dialect.MySQL57Dialect
Hibernate: drop table if exists posts
Hibernate: drop table if exists user
Hibernate: create table posts (id bigint not null auto_increment, created_date datetime(6), modified_date datetime(6), author varchar(255), content TEXT not null, title varchar(500) not null, primary key (id)) engine=InnoDB
Hibernate: create table user (id bigint not null auto_increment, created_date datetime(6), modified_date datetime(6), email varchar(255) not null, name varchar(255) not null, picture varchar(255), role varchar(255) not null, primary key (id)) engine=InnoDB
2023-01-07 18:33:04.440  INFO 36306 --- [    Test worker] o.h.t.schema.internal.SchemaCreatorImpl  : HHH000476: Executing import script 'org.hibernate.tool.schema.internal.exec.ScriptSourceInputNonExistentImpl@359312a4'
2023-01-07 18:33:04.440  INFO 36306 --- [    Test worker] j.LocalContainerEntityManagerFactoryBean : Initialized JPA EntityManagerFactory for persistence unit 'default'
2023-01-07 18:33:04.521  INFO 36306 --- [    Test worker] o.h.h.i.QueryTranslatorFactoryInitiator  : HHH000397: Using ASTQueryTranslatorFactory
2023-01-07 18:33:04.580  INFO 36306 --- [    Test worker] o.s.s.web.DefaultSecurityFilterChain     : Creating filter chain: any request, [org.springframework.security.web.context.request.async.WebAsyncManagerIntegrationFilter@fd184cc, org.springframework.security.web.context.SecurityContextPersistenceFilter@2f9a7c07, org.springframework.security.web.header.HeaderWriterFilter@204012c9, org.springframework.security.web.authentication.logout.LogoutFilter@2847ac5b, org.springframework.security.oauth2.client.web.OAuth2AuthorizationRequestRedirectFilter@cc10f71, org.springframework.security.oauth2.client.web.OAuth2LoginAuthenticationFilter@2b31c1c2, org.springframework.security.web.authentication.ui.DefaultLoginPageGeneratingFilter@54c18880, org.springframework.security.web.authentication.ui.DefaultLogoutPageGeneratingFilter@73b7e28a, org.springframework.security.web.savedrequest.RequestCacheAwareFilter@757dd558, org.springframework.security.web.servletapi.SecurityContextHolderAwareRequestFilter@558b4764, org.springframework.security.web.authentication.AnonymousAuthenticationFilter@7789c10a, org.springframework.security.web.session.SessionManagementFilter@6f7dc6cb, org.springframework.security.web.access.ExceptionTranslationFilter@79f4793d, org.springframework.security.web.access.intercept.FilterSecurityInterceptor@7b30f541]
2023-01-07 18:33:04.697  INFO 36306 --- [    Test worker] o.s.s.concurrent.ThreadPoolTaskExecutor  : Initializing ExecutorService 'applicationTaskExecutor'
2023-01-07 18:33:04.702  WARN 36306 --- [    Test worker] aWebConfiguration$JpaWebMvcConfiguration : spring.jpa.open-in-view is enabled by default. Therefore, database queries may be performed during view rendering. Explicitly configure spring.jpa.open-in-view to disable this warning
2023-01-07 18:33:04.713  INFO 36306 --- [    Test worker] o.s.b.a.w.s.WelcomePageHandlerMapping    : Adding welcome page template: index
2023-01-07 18:33:04.829  INFO 36306 --- [    Test worker] s.a.ScheduledAnnotationBeanPostProcessor : No TaskScheduler/ScheduledExecutorService bean found for scheduled processing
2023-01-07 18:33:04.830  INFO 36306 --- [    Test worker] c.e.s.domain.posts.PostsRepositoryTest   : Started PostsRepositoryTest in 0.611 seconds (JVM running for 5.318)
Hibernate: insert into posts (created_date, modified_date, author, content, title) values (?, ?, ?, ?, ?)
Hibernate: select posts0_.id as id1_0_, posts0_.created_date as created_2_0_, posts0_.modified_date as modified3_0_, posts0_.author as author4_0_, posts0_.content as content5_0_, posts0_.title as title6_0_ from posts posts0_
>>>>>>>>>> createDate=2023-01-07T18:33:04.836, modifiedDate=2023-01-07T18:33:04.836
Hibernate: select posts0_.id as id1_0_, posts0_.created_date as created_2_0_, posts0_.modified_date as modified3_0_, posts0_.author as author4_0_, posts0_.content as content5_0_, posts0_.title as title6_0_ from posts posts0_
Hibernate: delete from posts where id=?
Hibernate: insert into posts (created_date, modified_date, author, content, title) values (?, ?, ?, ?, ?)
Hibernate: select posts0_.id as id1_0_, posts0_.created_date as created_2_0_, posts0_.modified_date as modified3_0_, posts0_.author as author4_0_, posts0_.content as content5_0_, posts0_.title as title6_0_ from posts posts0_
Hibernate: select posts0_.id as id1_0_, posts0_.created_date as created_2_0_, posts0_.modified_date as modified3_0_, posts0_.author as author4_0_, posts0_.content as content5_0_, posts0_.title as title6_0_ from posts posts0_
Hibernate: delete from posts where id=?
]]></system-out>
  <system-err><![CDATA[]]></system-err>
</testsuite>
